<?xml version="1.0" encoding="UTF-8"?>
<testsuite xmlns:xsi="http://www.w3.org/2001/XMLSchema-instance" xsi:noNamespaceSchemaLocation="https://maven.apache.org/surefire/maven-surefire-plugin/xsd/surefire-test-report-3.0.xsd" version="3.0" name="com.adena.productservice.ProductServiceApplicationTests" time="50.037" tests="2" errors="0" skipped="0" failures="0">
  <properties>
[...]
</properties>
  <testcase name="setAllProducts" classname="com.adena.productservice.ProductServiceApplicationTests" time="26.598">
    <system-out><![CDATA[20:31:52.202 [main] INFO org.springframework.test.context.support.AnnotationConfigContextLoaderUtils -- Could not detect default configuration classes for test class [com.adena.productservice.ProductServiceApplicationTests]: ProductServiceApplicationTests does not declare any static, non-private, non-final, nested classes annotated with @Configuration.
20:31:52.397 [main] INFO org.springframework.boot.test.context.SpringBootTestContextBootstrapper -- Found @SpringBootConfiguration com.adena.productservice.ProductServiceApplication for test class com.adena.productservice.ProductServiceApplicationTests
20:31:52.783 [main] INFO org.springframework.boot.devtools.restart.RestartApplicationListener -- Restart disabled due to context in which it is running

  .   ____          _            __ _ _
 /\\ / ___'_ __ _ _(_)_ __  __ _ \ \ \ \
( ( )\___ | '_ | '_| | '_ \/ _` | \ \ \ \
 \\/  ___)| |_)| | | | | || (_| |  ) ) ) )
  '  |____| .__|_| |_|_| |_\__, | / / / /
 =========|_|==============|___/=/_/_/_/
 :: Spring Boot ::                (v3.2.5)

2024-05-11T20:31:53.170+05:30  INFO 25444 --- [ProductService] [           main] c.a.p.ProductServiceApplicationTests     : Starting ProductServiceApplicationTests using Java 21.0.1 with PID 25444 (started by adena in D:\EDhukan\EDhukan_Product_Service)
2024-05-11T20:31:53.173+05:30  INFO 25444 --- [ProductService] [           main] c.a.p.ProductServiceApplicationTests     : No active profile set, falling back to 1 default profile: "default"
2024-05-11T20:31:53.264+05:30 TRACE 25444 --- [ProductService] [           main] o.s.w.c.s.GenericWebApplicationContext   : Refreshing org.springframework.web.context.support.GenericWebApplicationContext@28a2a3e7, started on Sat May 11 20:31:53 IST 2024
2024-05-11T20:31:54.707+05:30  INFO 25444 --- [ProductService] [           main] .s.d.r.c.RepositoryConfigurationDelegate : Multiple Spring Data modules found, entering strict repository configuration mode
2024-05-11T20:31:54.710+05:30  INFO 25444 --- [ProductService] [           main] .s.d.r.c.RepositoryConfigurationDelegate : Bootstrapping Spring Data JDBC repositories in DEFAULT mode.
2024-05-11T20:31:54.800+05:30  INFO 25444 --- [ProductService] [           main] .RepositoryConfigurationExtensionSupport : Spring Data JDBC - Could not safely identify store assignment for repository candidate interface com.adena.productservice.repositories.CategoryRepository; If you want this repository to be a JDBC repository, consider annotating your entities with one of these annotations: org.springframework.data.relational.core.mapping.Table.
2024-05-11T20:31:54.802+05:30  INFO 25444 --- [ProductService] [           main] .RepositoryConfigurationExtensionSupport : Spring Data JDBC - Could not safely identify store assignment for repository candidate interface com.adena.productservice.repositories.ProductRespository; If you want this repository to be a JDBC repository, consider annotating your entities with one of these annotations: org.springframework.data.relational.core.mapping.Table.
2024-05-11T20:31:54.803+05:30  INFO 25444 --- [ProductService] [           main] .s.d.r.c.RepositoryConfigurationDelegate : Finished Spring Data repository scanning in 76 ms. Found 0 JDBC repository interfaces.
2024-05-11T20:31:54.822+05:30  INFO 25444 --- [ProductService] [           main] .s.d.r.c.RepositoryConfigurationDelegate : Multiple Spring Data modules found, entering strict repository configuration mode
2024-05-11T20:31:54.824+05:30  INFO 25444 --- [ProductService] [           main] .s.d.r.c.RepositoryConfigurationDelegate : Bootstrapping Spring Data JPA repositories in DEFAULT mode.
2024-05-11T20:31:54.883+05:30  INFO 25444 --- [ProductService] [           main] .s.d.r.c.RepositoryConfigurationDelegate : Finished Spring Data repository scanning in 49 ms. Found 2 JPA repository interfaces.
2024-05-11T20:31:55.677+05:30 TRACE 25444 --- [ProductService] [           main] o.s.w.c.s.GenericWebApplicationContext   : No 'messageSource' bean, using [Empty MessageSource]
2024-05-11T20:31:55.677+05:30 TRACE 25444 --- [ProductService] [           main] o.s.w.c.s.GenericWebApplicationContext   : No 'applicationEventMulticaster' bean, using [SimpleApplicationEventMulticaster]
2024-05-11T20:31:55.912+05:30  INFO 25444 --- [ProductService] [           main] com.zaxxer.hikari.HikariDataSource       : HikariPool-1 - Starting...
2024-05-11T20:31:59.435+05:30  INFO 25444 --- [ProductService] [           main] com.zaxxer.hikari.pool.HikariPool        : HikariPool-1 - Added connection org.postgresql.jdbc.PgConnection@2dba05b1
2024-05-11T20:31:59.437+05:30  INFO 25444 --- [ProductService] [           main] com.zaxxer.hikari.HikariDataSource       : HikariPool-1 - Start completed.
2024-05-11T20:31:59.795+05:30  INFO 25444 --- [ProductService] [           main] o.f.c.internal.license.VersionPrinter    : Flyway Community Edition 9.22.3 by Redgate
2024-05-11T20:31:59.795+05:30  INFO 25444 --- [ProductService] [           main] o.f.c.internal.license.VersionPrinter    : See release notes here: https://rd.gt/416ObMi
2024-05-11T20:31:59.796+05:30  INFO 25444 --- [ProductService] [           main] o.f.c.internal.license.VersionPrinter    : 
2024-05-11T20:32:00.161+05:30  INFO 25444 --- [ProductService] [           main] org.flywaydb.core.FlywayExecutor         : Database: jdbc:postgresql://edhukan-product-service.cp84myk6ixwf.eu-north-1.rds.amazonaws.com:5432/EdProductService (PostgreSQL 16.1)
2024-05-11T20:32:01.791+05:30  WARN 25444 --- [ProductService] [           main] o.f.c.internal.database.base.Database    : Flyway upgrade recommended: PostgreSQL 16.1 is newer than this version of Flyway and support has not been tested. The latest supported version of PostgreSQL is 15.
2024-05-11T20:32:03.076+05:30  INFO 25444 --- [ProductService] [           main] o.f.core.internal.command.DbValidate     : Successfully validated 2 migrations (execution time 00:01.073s)
2024-05-11T20:32:05.574+05:30  INFO 25444 --- [ProductService] [           main] o.f.core.internal.command.DbMigrate      : Current version of schema "public": 2
2024-05-11T20:32:05.789+05:30  INFO 25444 --- [ProductService] [           main] o.f.core.internal.command.DbMigrate      : Schema "public" is up to date. No migration necessary.
2024-05-11T20:32:07.252+05:30  INFO 25444 --- [ProductService] [           main] o.hibernate.jpa.internal.util.LogHelper  : HHH000204: Processing PersistenceUnitInfo [name: default]
2024-05-11T20:32:07.458+05:30  INFO 25444 --- [ProductService] [           main] org.hibernate.Version                    : HHH000412: Hibernate ORM core version 6.4.4.Final
2024-05-11T20:32:07.565+05:30  INFO 25444 --- [ProductService] [           main] o.h.c.internal.RegionFactoryInitiator    : HHH000026: Second-level cache disabled
2024-05-11T20:32:08.165+05:30  INFO 25444 --- [ProductService] [           main] o.s.o.j.p.SpringPersistenceUnitInfo      : No LoadTimeWeaver setup: ignoring JPA class transformer
2024-05-11T20:32:10.873+05:30  INFO 25444 --- [ProductService] [           main] o.h.e.t.j.p.i.JtaPlatformInitiator       : HHH000489: No JTA platform available (set 'hibernate.transaction.jta.platform' to enable JTA platform integration)
2024-05-11T20:32:11.858+05:30  INFO 25444 --- [ProductService] [           main] j.LocalContainerEntityManagerFactoryBean : Initialized JPA EntityManagerFactory for persistence unit 'default'
2024-05-11T20:32:12.617+05:30  INFO 25444 --- [ProductService] [           main] o.s.d.j.r.query.QueryEnhancerFactory     : JSqlParser is in classpath; If applicable, JSqlParser will be used
2024-05-11T20:32:12.617+05:30  INFO 25444 --- [ProductService] [           main] o.s.d.j.r.query.QueryEnhancerFactory     : Hibernate is in classpath; If applicable, HQL parser will be used.
2024-05-11T20:32:13.738+05:30  WARN 25444 --- [ProductService] [           main] JpaBaseConfiguration$JpaWebConfiguration : spring.jpa.open-in-view is enabled by default. Therefore, database queries may be performed during view rendering. Explicitly configure spring.jpa.open-in-view to disable this warning
2024-05-11T20:32:13.952+05:30 TRACE 25444 --- [ProductService] [           main] s.w.s.m.m.a.RequestMappingHandlerMapping : 
	c.a.p.c.FakeStoreProductController:
	{GET [/fakestore/products]}: getAllProducts()
	{POST [/fakestore/products]}: createProduct(RequestDTO)
	{GET [/fakestore/categories]}: getAllCategories()
	{GET [/fakestore/products/{id}]}: getProductById(int)
	{GET [/fakestore/category/{category}]}: getProductsByCategory(String)
2024-05-11T20:32:13.964+05:30 TRACE 25444 --- [ProductService] [           main] s.w.s.m.m.a.RequestMappingHandlerMapping : 
	c.a.p.c.ProductController:
	{DELETE [/products/{id}]}: deleteProduct(long)
	{PUT [/products/{id}]}: replaceProduct(RequestDTO,long)
	{GET [/products/categories]}: getCategories()
	{GET [/products]}: getProducts()
	{PATCH [/products/{id}]}: updateProduct(RequestDTO,long)
	{POST [/products]}: addProduct(RequestDTO)
	{GET [/products/{id}]}: getProduct(long)
	{GET [/products/category/{categoryName}]}: getAllProductsByCatogory(String)
2024-05-11T20:32:13.967+05:30 TRACE 25444 --- [ProductService] [           main] s.w.s.m.m.a.RequestMappingHandlerMapping : 
	o.s.b.a.w.s.e.BasicErrorController:
	{ [/error]}: error(HttpServletRequest)
	{ [/error], produces [text/html]}: errorHtml(HttpServletRequest,HttpServletResponse)
2024-05-11T20:32:13.976+05:30 DEBUG 25444 --- [ProductService] [           main] s.w.s.m.m.a.RequestMappingHandlerMapping : 15 mappings in 'requestMappingHandlerMapping'
2024-05-11T20:32:13.994+05:30 DEBUG 25444 --- [ProductService] [           main] o.s.w.s.h.BeanNameUrlHandlerMapping      : Detected 0 mappings in 'beanNameHandlerMapping'
2024-05-11T20:32:14.218+05:30 TRACE 25444 --- [ProductService] [           main] o.s.w.s.f.support.RouterFunctionMapping  : 0 RouterFunction(s) in 'routerFunctionMapping'
2024-05-11T20:32:14.250+05:30 TRACE 25444 --- [ProductService] [           main] o.s.w.s.handler.SimpleUrlHandlerMapping  : Mapped [/webjars/**] onto ResourceHttpRequestHandler [classpath [META-INF/resources/webjars/]]
2024-05-11T20:32:14.250+05:30 TRACE 25444 --- [ProductService] [           main] o.s.w.s.handler.SimpleUrlHandlerMapping  : Mapped [/**] onto ResourceHttpRequestHandler [classpath [META-INF/resources/], classpath [resources/], classpath [static/], classpath [public/], ServletContext [/]]
2024-05-11T20:32:14.251+05:30 DEBUG 25444 --- [ProductService] [           main] o.s.w.s.handler.SimpleUrlHandlerMapping  : Patterns [/webjars/**, /**] in 'resourceHandlerMapping'
2024-05-11T20:32:14.337+05:30 DEBUG 25444 --- [ProductService] [           main] s.w.s.m.m.a.RequestMappingHandlerAdapter : ControllerAdvice beans: 0 @ModelAttribute, 0 @InitBinder, 1 RequestBodyAdvice, 1 ResponseBodyAdvice
2024-05-11T20:32:14.412+05:30 DEBUG 25444 --- [ProductService] [           main] .m.m.a.ExceptionHandlerExceptionResolver : ControllerAdvice beans: 1 @ExceptionHandler, 1 ResponseBodyAdvice
2024-05-11T20:32:15.139+05:30 TRACE 25444 --- [ProductService] [           main] o.s.w.c.s.GenericWebApplicationContext   : Using LifecycleProcessor [org.springframework.context.support.DefaultLifecycleProcessor@27449f65]
2024-05-11T20:32:15.173+05:30  INFO 25444 --- [ProductService] [           main] c.a.p.ProductServiceApplicationTests     : Started ProductServiceApplicationTests in 22.413 seconds (process running for 24.792)
2024-05-11T20:32:16.394+05:30 DEBUG 25444 --- [ProductService] [           main] o.s.web.client.RestTemplate              : HTTP GET https://fakestoreapi.com/products/1
2024-05-11T20:32:16.440+05:30 DEBUG 25444 --- [ProductService] [           main] o.s.web.client.RestTemplate              : Accept=[application/json, application/*+json]
2024-05-11T20:32:17.632+05:30 DEBUG 25444 --- [ProductService] [           main] o.s.web.client.RestTemplate              : Response 200 OK
2024-05-11T20:32:17.635+05:30 DEBUG 25444 --- [ProductService] [           main] o.s.web.client.RestTemplate              : Reading to [com.adena.productservice.dto.ResponseDTO]
Hibernate: select c1_0.id,c1_0.created_at,c1_0.is_deleted,c1_0.name,c1_0.updated_at from category c1_0 where c1_0.name=?
Hibernate: select p1_0.id,c1_0.id,c1_0.created_at,c1_0.is_deleted,c1_0.name,c1_0.updated_at,p1_0.created_at,p1_0.description,p1_0.image_url,p1_0.is_deleted,p1_0.name,p1_0.price,p1_0.updated_at from product p1_0 left join category c1_0 on c1_0.id=p1_0.category_id where p1_0.id=?
Hibernate: update product set category_id=?,created_at=?,description=?,image_url=?,is_deleted=?,name=?,price=?,updated_at=? where id=?
2024-05-11T20:32:19.117+05:30 DEBUG 25444 --- [ProductService] [           main] o.s.web.client.RestTemplate              : HTTP GET https://fakestoreapi.com/products/2
2024-05-11T20:32:19.117+05:30 DEBUG 25444 --- [ProductService] [           main] o.s.web.client.RestTemplate              : Accept=[application/json, application/*+json]
2024-05-11T20:32:19.372+05:30 DEBUG 25444 --- [ProductService] [           main] o.s.web.client.RestTemplate              : Response 200 OK
2024-05-11T20:32:19.373+05:30 DEBUG 25444 --- [ProductService] [           main] o.s.web.client.RestTemplate              : Reading to [com.adena.productservice.dto.ResponseDTO]
Hibernate: select c1_0.id,c1_0.created_at,c1_0.is_deleted,c1_0.name,c1_0.updated_at from category c1_0 where c1_0.name=?
Hibernate: select p1_0.id,c1_0.id,c1_0.created_at,c1_0.is_deleted,c1_0.name,c1_0.updated_at,p1_0.created_at,p1_0.description,p1_0.image_url,p1_0.is_deleted,p1_0.name,p1_0.price,p1_0.updated_at from product p1_0 left join category c1_0 on c1_0.id=p1_0.category_id where p1_0.id=?
Hibernate: update product set category_id=?,created_at=?,description=?,image_url=?,is_deleted=?,name=?,price=?,updated_at=? where id=?
2024-05-11T20:32:20.380+05:30 DEBUG 25444 --- [ProductService] [           main] o.s.web.client.RestTemplate              : HTTP GET https://fakestoreapi.com/products/3
2024-05-11T20:32:20.381+05:30 DEBUG 25444 --- [ProductService] [           main] o.s.web.client.RestTemplate              : Accept=[application/json, application/*+json]
2024-05-11T20:32:20.641+05:30 DEBUG 25444 --- [ProductService] [           main] o.s.web.client.RestTemplate              : Response 200 OK
2024-05-11T20:32:20.642+05:30 DEBUG 25444 --- [ProductService] [           main] o.s.web.client.RestTemplate              : Reading to [com.adena.productservice.dto.ResponseDTO]
Hibernate: select c1_0.id,c1_0.created_at,c1_0.is_deleted,c1_0.name,c1_0.updated_at from category c1_0 where c1_0.name=?
Hibernate: select p1_0.id,c1_0.id,c1_0.created_at,c1_0.is_deleted,c1_0.name,c1_0.updated_at,p1_0.created_at,p1_0.description,p1_0.image_url,p1_0.is_deleted,p1_0.name,p1_0.price,p1_0.updated_at from product p1_0 left join category c1_0 on c1_0.id=p1_0.category_id where p1_0.id=?
Hibernate: update product set category_id=?,created_at=?,description=?,image_url=?,is_deleted=?,name=?,price=?,updated_at=? where id=?
2024-05-11T20:32:21.504+05:30 DEBUG 25444 --- [ProductService] [           main] o.s.web.client.RestTemplate              : HTTP GET https://fakestoreapi.com/products/4
2024-05-11T20:32:21.505+05:30 DEBUG 25444 --- [ProductService] [           main] o.s.web.client.RestTemplate              : Accept=[application/json, application/*+json]
2024-05-11T20:32:21.759+05:30 DEBUG 25444 --- [ProductService] [           main] o.s.web.client.RestTemplate              : Response 200 OK
2024-05-11T20:32:21.760+05:30 DEBUG 25444 --- [ProductService] [           main] o.s.web.client.RestTemplate              : Reading to [com.adena.productservice.dto.ResponseDTO]
Hibernate: select c1_0.id,c1_0.created_at,c1_0.is_deleted,c1_0.name,c1_0.updated_at from category c1_0 where c1_0.name=?
Hibernate: select p1_0.id,c1_0.id,c1_0.created_at,c1_0.is_deleted,c1_0.name,c1_0.updated_at,p1_0.created_at,p1_0.description,p1_0.image_url,p1_0.is_deleted,p1_0.name,p1_0.price,p1_0.updated_at from product p1_0 left join category c1_0 on c1_0.id=p1_0.category_id where p1_0.id=?
Hibernate: update product set category_id=?,created_at=?,description=?,image_url=?,is_deleted=?,name=?,price=?,updated_at=? where id=?
2024-05-11T20:32:22.676+05:30 DEBUG 25444 --- [ProductService] [           main] o.s.web.client.RestTemplate              : HTTP GET https://fakestoreapi.com/products/5
2024-05-11T20:32:22.677+05:30 DEBUG 25444 --- [ProductService] [           main] o.s.web.client.RestTemplate              : Accept=[application/json, application/*+json]
2024-05-11T20:32:22.931+05:30 DEBUG 25444 --- [ProductService] [           main] o.s.web.client.RestTemplate              : Response 200 OK
2024-05-11T20:32:22.932+05:30 DEBUG 25444 --- [ProductService] [           main] o.s.web.client.RestTemplate              : Reading to [com.adena.productservice.dto.ResponseDTO]
Hibernate: select c1_0.id,c1_0.created_at,c1_0.is_deleted,c1_0.name,c1_0.updated_at from category c1_0 where c1_0.name=?
Hibernate: select p1_0.id,c1_0.id,c1_0.created_at,c1_0.is_deleted,c1_0.name,c1_0.updated_at,p1_0.created_at,p1_0.description,p1_0.image_url,p1_0.is_deleted,p1_0.name,p1_0.price,p1_0.updated_at from product p1_0 left join category c1_0 on c1_0.id=p1_0.category_id where p1_0.id=?
Hibernate: update product set category_id=?,created_at=?,description=?,image_url=?,is_deleted=?,name=?,price=?,updated_at=? where id=?
2024-05-11T20:32:24.010+05:30 DEBUG 25444 --- [ProductService] [           main] o.s.web.client.RestTemplate              : HTTP GET https://fakestoreapi.com/products/6
2024-05-11T20:32:24.010+05:30 DEBUG 25444 --- [ProductService] [           main] o.s.web.client.RestTemplate              : Accept=[application/json, application/*+json]
2024-05-11T20:32:24.272+05:30 DEBUG 25444 --- [ProductService] [           main] o.s.web.client.RestTemplate              : Response 200 OK
2024-05-11T20:32:24.273+05:30 DEBUG 25444 --- [ProductService] [           main] o.s.web.client.RestTemplate              : Reading to [com.adena.productservice.dto.ResponseDTO]
Hibernate: select c1_0.id,c1_0.created_at,c1_0.is_deleted,c1_0.name,c1_0.updated_at from category c1_0 where c1_0.name=?
Hibernate: select p1_0.id,c1_0.id,c1_0.created_at,c1_0.is_deleted,c1_0.name,c1_0.updated_at,p1_0.created_at,p1_0.description,p1_0.image_url,p1_0.is_deleted,p1_0.name,p1_0.price,p1_0.updated_at from product p1_0 left join category c1_0 on c1_0.id=p1_0.category_id where p1_0.id=?
Hibernate: update product set category_id=?,created_at=?,description=?,image_url=?,is_deleted=?,name=?,price=?,updated_at=? where id=?
2024-05-11T20:32:25.119+05:30 DEBUG 25444 --- [ProductService] [           main] o.s.web.client.RestTemplate              : HTTP GET https://fakestoreapi.com/products/7
2024-05-11T20:32:25.119+05:30 DEBUG 25444 --- [ProductService] [           main] o.s.web.client.RestTemplate              : Accept=[application/json, application/*+json]
2024-05-11T20:32:25.381+05:30 DEBUG 25444 --- [ProductService] [           main] o.s.web.client.RestTemplate              : Response 200 OK
2024-05-11T20:32:25.382+05:30 DEBUG 25444 --- [ProductService] [           main] o.s.web.client.RestTemplate              : Reading to [com.adena.productservice.dto.ResponseDTO]
Hibernate: select c1_0.id,c1_0.created_at,c1_0.is_deleted,c1_0.name,c1_0.updated_at from category c1_0 where c1_0.name=?
Hibernate: select p1_0.id,c1_0.id,c1_0.created_at,c1_0.is_deleted,c1_0.name,c1_0.updated_at,p1_0.created_at,p1_0.description,p1_0.image_url,p1_0.is_deleted,p1_0.name,p1_0.price,p1_0.updated_at from product p1_0 left join category c1_0 on c1_0.id=p1_0.category_id where p1_0.id=?
Hibernate: update product set category_id=?,created_at=?,description=?,image_url=?,is_deleted=?,name=?,price=?,updated_at=? where id=?
2024-05-11T20:32:26.188+05:30 DEBUG 25444 --- [ProductService] [           main] o.s.web.client.RestTemplate              : HTTP GET https://fakestoreapi.com/products/8
2024-05-11T20:32:26.189+05:30 DEBUG 25444 --- [ProductService] [           main] o.s.web.client.RestTemplate              : Accept=[application/json, application/*+json]
2024-05-11T20:32:26.448+05:30 DEBUG 25444 --- [ProductService] [           main] o.s.web.client.RestTemplate              : Response 200 OK
2024-05-11T20:32:26.449+05:30 DEBUG 25444 --- [ProductService] [           main] o.s.web.client.RestTemplate              : Reading to [com.adena.productservice.dto.ResponseDTO]
Hibernate: select c1_0.id,c1_0.created_at,c1_0.is_deleted,c1_0.name,c1_0.updated_at from category c1_0 where c1_0.name=?
Hibernate: select p1_0.id,c1_0.id,c1_0.created_at,c1_0.is_deleted,c1_0.name,c1_0.updated_at,p1_0.created_at,p1_0.description,p1_0.image_url,p1_0.is_deleted,p1_0.name,p1_0.price,p1_0.updated_at from product p1_0 left join category c1_0 on c1_0.id=p1_0.category_id where p1_0.id=?
Hibernate: update product set category_id=?,created_at=?,description=?,image_url=?,is_deleted=?,name=?,price=?,updated_at=? where id=?
2024-05-11T20:32:27.260+05:30 DEBUG 25444 --- [ProductService] [           main] o.s.web.client.RestTemplate              : HTTP GET https://fakestoreapi.com/products/9
2024-05-11T20:32:27.260+05:30 DEBUG 25444 --- [ProductService] [           main] o.s.web.client.RestTemplate              : Accept=[application/json, application/*+json]
2024-05-11T20:32:27.516+05:30 DEBUG 25444 --- [ProductService] [           main] o.s.web.client.RestTemplate              : Response 200 OK
2024-05-11T20:32:27.517+05:30 DEBUG 25444 --- [ProductService] [           main] o.s.web.client.RestTemplate              : Reading to [com.adena.productservice.dto.ResponseDTO]
Hibernate: select c1_0.id,c1_0.created_at,c1_0.is_deleted,c1_0.name,c1_0.updated_at from category c1_0 where c1_0.name=?
Hibernate: select p1_0.id,c1_0.id,c1_0.created_at,c1_0.is_deleted,c1_0.name,c1_0.updated_at,p1_0.created_at,p1_0.description,p1_0.image_url,p1_0.is_deleted,p1_0.name,p1_0.price,p1_0.updated_at from product p1_0 left join category c1_0 on c1_0.id=p1_0.category_id where p1_0.id=?
Hibernate: update product set category_id=?,created_at=?,description=?,image_url=?,is_deleted=?,name=?,price=?,updated_at=? where id=?
2024-05-11T20:32:28.425+05:30 DEBUG 25444 --- [ProductService] [           main] o.s.web.client.RestTemplate              : HTTP GET https://fakestoreapi.com/products/10
2024-05-11T20:32:28.426+05:30 DEBUG 25444 --- [ProductService] [           main] o.s.web.client.RestTemplate              : Accept=[application/json, application/*+json]
2024-05-11T20:32:28.691+05:30 DEBUG 25444 --- [ProductService] [           main] o.s.web.client.RestTemplate              : Response 200 OK
2024-05-11T20:32:28.692+05:30 DEBUG 25444 --- [ProductService] [           main] o.s.web.client.RestTemplate              : Reading to [com.adena.productservice.dto.ResponseDTO]
Hibernate: select c1_0.id,c1_0.created_at,c1_0.is_deleted,c1_0.name,c1_0.updated_at from category c1_0 where c1_0.name=?
Hibernate: select p1_0.id,c1_0.id,c1_0.created_at,c1_0.is_deleted,c1_0.name,c1_0.updated_at,p1_0.created_at,p1_0.description,p1_0.image_url,p1_0.is_deleted,p1_0.name,p1_0.price,p1_0.updated_at from product p1_0 left join category c1_0 on c1_0.id=p1_0.category_id where p1_0.id=?
Hibernate: update product set category_id=?,created_at=?,description=?,image_url=?,is_deleted=?,name=?,price=?,updated_at=? where id=?
2024-05-11T20:32:29.622+05:30 DEBUG 25444 --- [ProductService] [           main] o.s.web.client.RestTemplate              : HTTP GET https://fakestoreapi.com/products/11
2024-05-11T20:32:29.623+05:30 DEBUG 25444 --- [ProductService] [           main] o.s.web.client.RestTemplate              : Accept=[application/json, application/*+json]
2024-05-11T20:32:29.888+05:30 DEBUG 25444 --- [ProductService] [           main] o.s.web.client.RestTemplate              : Response 200 OK
2024-05-11T20:32:29.889+05:30 DEBUG 25444 --- [ProductService] [           main] o.s.web.client.RestTemplate              : Reading to [com.adena.productservice.dto.ResponseDTO]
Hibernate: select c1_0.id,c1_0.created_at,c1_0.is_deleted,c1_0.name,c1_0.updated_at from category c1_0 where c1_0.name=?
Hibernate: select p1_0.id,c1_0.id,c1_0.created_at,c1_0.is_deleted,c1_0.name,c1_0.updated_at,p1_0.created_at,p1_0.description,p1_0.image_url,p1_0.is_deleted,p1_0.name,p1_0.price,p1_0.updated_at from product p1_0 left join category c1_0 on c1_0.id=p1_0.category_id where p1_0.id=?
Hibernate: update product set category_id=?,created_at=?,description=?,image_url=?,is_deleted=?,name=?,price=?,updated_at=? where id=?
2024-05-11T20:32:30.849+05:30 DEBUG 25444 --- [ProductService] [           main] o.s.web.client.RestTemplate              : HTTP GET https://fakestoreapi.com/products/12
2024-05-11T20:32:30.849+05:30 DEBUG 25444 --- [ProductService] [           main] o.s.web.client.RestTemplate              : Accept=[application/json, application/*+json]
2024-05-11T20:32:31.167+05:30 DEBUG 25444 --- [ProductService] [           main] o.s.web.client.RestTemplate              : Response 200 OK
2024-05-11T20:32:31.168+05:30 DEBUG 25444 --- [ProductService] [           main] o.s.web.client.RestTemplate              : Reading to [com.adena.productservice.dto.ResponseDTO]
Hibernate: select c1_0.id,c1_0.created_at,c1_0.is_deleted,c1_0.name,c1_0.updated_at from category c1_0 where c1_0.name=?
Hibernate: select p1_0.id,c1_0.id,c1_0.created_at,c1_0.is_deleted,c1_0.name,c1_0.updated_at,p1_0.created_at,p1_0.description,p1_0.image_url,p1_0.is_deleted,p1_0.name,p1_0.price,p1_0.updated_at from product p1_0 left join category c1_0 on c1_0.id=p1_0.category_id where p1_0.id=?
Hibernate: update product set category_id=?,created_at=?,description=?,image_url=?,is_deleted=?,name=?,price=?,updated_at=? where id=?
2024-05-11T20:32:32.298+05:30 DEBUG 25444 --- [ProductService] [           main] o.s.web.client.RestTemplate              : HTTP GET https://fakestoreapi.com/products/13
2024-05-11T20:32:32.299+05:30 DEBUG 25444 --- [ProductService] [           main] o.s.web.client.RestTemplate              : Accept=[application/json, application/*+json]
2024-05-11T20:32:32.564+05:30 DEBUG 25444 --- [ProductService] [           main] o.s.web.client.RestTemplate              : Response 200 OK
2024-05-11T20:32:32.564+05:30 DEBUG 25444 --- [ProductService] [           main] o.s.web.client.RestTemplate              : Reading to [com.adena.productservice.dto.ResponseDTO]
Hibernate: select c1_0.id,c1_0.created_at,c1_0.is_deleted,c1_0.name,c1_0.updated_at from category c1_0 where c1_0.name=?
Hibernate: select p1_0.id,c1_0.id,c1_0.created_at,c1_0.is_deleted,c1_0.name,c1_0.updated_at,p1_0.created_at,p1_0.description,p1_0.image_url,p1_0.is_deleted,p1_0.name,p1_0.price,p1_0.updated_at from product p1_0 left join category c1_0 on c1_0.id=p1_0.category_id where p1_0.id=?
Hibernate: update product set category_id=?,created_at=?,description=?,image_url=?,is_deleted=?,name=?,price=?,updated_at=? where id=?
2024-05-11T20:32:33.388+05:30 DEBUG 25444 --- [ProductService] [           main] o.s.web.client.RestTemplate              : HTTP GET https://fakestoreapi.com/products/14
2024-05-11T20:32:33.389+05:30 DEBUG 25444 --- [ProductService] [           main] o.s.web.client.RestTemplate              : Accept=[application/json, application/*+json]
2024-05-11T20:32:33.640+05:30 DEBUG 25444 --- [ProductService] [           main] o.s.web.client.RestTemplate              : Response 200 OK
2024-05-11T20:32:33.641+05:30 DEBUG 25444 --- [ProductService] [           main] o.s.web.client.RestTemplate              : Reading to [com.adena.productservice.dto.ResponseDTO]
Hibernate: select c1_0.id,c1_0.created_at,c1_0.is_deleted,c1_0.name,c1_0.updated_at from category c1_0 where c1_0.name=?
Hibernate: select p1_0.id,c1_0.id,c1_0.created_at,c1_0.is_deleted,c1_0.name,c1_0.updated_at,p1_0.created_at,p1_0.description,p1_0.image_url,p1_0.is_deleted,p1_0.name,p1_0.price,p1_0.updated_at from product p1_0 left join category c1_0 on c1_0.id=p1_0.category_id where p1_0.id=?
Hibernate: update product set category_id=?,created_at=?,description=?,image_url=?,is_deleted=?,name=?,price=?,updated_at=? where id=?
2024-05-11T20:32:34.651+05:30 DEBUG 25444 --- [ProductService] [           main] o.s.web.client.RestTemplate              : HTTP GET https://fakestoreapi.com/products/15
2024-05-11T20:32:34.652+05:30 DEBUG 25444 --- [ProductService] [           main] o.s.web.client.RestTemplate              : Accept=[application/json, application/*+json]
2024-05-11T20:32:34.904+05:30 DEBUG 25444 --- [ProductService] [           main] o.s.web.client.RestTemplate              : Response 200 OK
2024-05-11T20:32:34.904+05:30 DEBUG 25444 --- [ProductService] [           main] o.s.web.client.RestTemplate              : Reading to [com.adena.productservice.dto.ResponseDTO]
Hibernate: select c1_0.id,c1_0.created_at,c1_0.is_deleted,c1_0.name,c1_0.updated_at from category c1_0 where c1_0.name=?
Hibernate: select p1_0.id,c1_0.id,c1_0.created_at,c1_0.is_deleted,c1_0.name,c1_0.updated_at,p1_0.created_at,p1_0.description,p1_0.image_url,p1_0.is_deleted,p1_0.name,p1_0.price,p1_0.updated_at from product p1_0 left join category c1_0 on c1_0.id=p1_0.category_id where p1_0.id=?
Hibernate: update product set category_id=?,created_at=?,description=?,image_url=?,is_deleted=?,name=?,price=?,updated_at=? where id=?
2024-05-11T20:32:35.980+05:30 DEBUG 25444 --- [ProductService] [           main] o.s.web.client.RestTemplate              : HTTP GET https://fakestoreapi.com/products/16
2024-05-11T20:32:35.981+05:30 DEBUG 25444 --- [ProductService] [           main] o.s.web.client.RestTemplate              : Accept=[application/json, application/*+json]
2024-05-11T20:32:36.243+05:30 DEBUG 25444 --- [ProductService] [           main] o.s.web.client.RestTemplate              : Response 200 OK
2024-05-11T20:32:36.245+05:30 DEBUG 25444 --- [ProductService] [           main] o.s.web.client.RestTemplate              : Reading to [com.adena.productservice.dto.ResponseDTO]
Hibernate: select c1_0.id,c1_0.created_at,c1_0.is_deleted,c1_0.name,c1_0.updated_at from category c1_0 where c1_0.name=?
Hibernate: select p1_0.id,c1_0.id,c1_0.created_at,c1_0.is_deleted,c1_0.name,c1_0.updated_at,p1_0.created_at,p1_0.description,p1_0.image_url,p1_0.is_deleted,p1_0.name,p1_0.price,p1_0.updated_at from product p1_0 left join category c1_0 on c1_0.id=p1_0.category_id where p1_0.id=?
Hibernate: update product set category_id=?,created_at=?,description=?,image_url=?,is_deleted=?,name=?,price=?,updated_at=? where id=?
2024-05-11T20:32:37.183+05:30 DEBUG 25444 --- [ProductService] [           main] o.s.web.client.RestTemplate              : HTTP GET https://fakestoreapi.com/products/17
2024-05-11T20:32:37.183+05:30 DEBUG 25444 --- [ProductService] [           main] o.s.web.client.RestTemplate              : Accept=[application/json, application/*+json]
2024-05-11T20:32:37.446+05:30 DEBUG 25444 --- [ProductService] [           main] o.s.web.client.RestTemplate              : Response 200 OK
2024-05-11T20:32:37.447+05:30 DEBUG 25444 --- [ProductService] [           main] o.s.web.client.RestTemplate              : Reading to [com.adena.productservice.dto.ResponseDTO]
Hibernate: select c1_0.id,c1_0.created_at,c1_0.is_deleted,c1_0.name,c1_0.updated_at from category c1_0 where c1_0.name=?
Hibernate: select p1_0.id,c1_0.id,c1_0.created_at,c1_0.is_deleted,c1_0.name,c1_0.updated_at,p1_0.created_at,p1_0.description,p1_0.image_url,p1_0.is_deleted,p1_0.name,p1_0.price,p1_0.updated_at from product p1_0 left join category c1_0 on c1_0.id=p1_0.category_id where p1_0.id=?
Hibernate: update product set category_id=?,created_at=?,description=?,image_url=?,is_deleted=?,name=?,price=?,updated_at=? where id=?
2024-05-11T20:32:38.411+05:30 DEBUG 25444 --- [ProductService] [           main] o.s.web.client.RestTemplate              : HTTP GET https://fakestoreapi.com/products/18
2024-05-11T20:32:38.411+05:30 DEBUG 25444 --- [ProductService] [           main] o.s.web.client.RestTemplate              : Accept=[application/json, application/*+json]
2024-05-11T20:32:38.668+05:30 DEBUG 25444 --- [ProductService] [           main] o.s.web.client.RestTemplate              : Response 200 OK
2024-05-11T20:32:38.668+05:30 DEBUG 25444 --- [ProductService] [           main] o.s.web.client.RestTemplate              : Reading to [com.adena.productservice.dto.ResponseDTO]
Hibernate: select c1_0.id,c1_0.created_at,c1_0.is_deleted,c1_0.name,c1_0.updated_at from category c1_0 where c1_0.name=?
Hibernate: select p1_0.id,c1_0.id,c1_0.created_at,c1_0.is_deleted,c1_0.name,c1_0.updated_at,p1_0.created_at,p1_0.description,p1_0.image_url,p1_0.is_deleted,p1_0.name,p1_0.price,p1_0.updated_at from product p1_0 left join category c1_0 on c1_0.id=p1_0.category_id where p1_0.id=?
Hibernate: update product set category_id=?,created_at=?,description=?,image_url=?,is_deleted=?,name=?,price=?,updated_at=? where id=?
2024-05-11T20:32:39.519+05:30 DEBUG 25444 --- [ProductService] [           main] o.s.web.client.RestTemplate              : HTTP GET https://fakestoreapi.com/products/19
2024-05-11T20:32:39.520+05:30 DEBUG 25444 --- [ProductService] [           main] o.s.web.client.RestTemplate              : Accept=[application/json, application/*+json]
2024-05-11T20:32:39.780+05:30 DEBUG 25444 --- [ProductService] [           main] o.s.web.client.RestTemplate              : Response 200 OK
2024-05-11T20:32:39.780+05:30 DEBUG 25444 --- [ProductService] [           main] o.s.web.client.RestTemplate              : Reading to [com.adena.productservice.dto.ResponseDTO]
Hibernate: select c1_0.id,c1_0.created_at,c1_0.is_deleted,c1_0.name,c1_0.updated_at from category c1_0 where c1_0.name=?
Hibernate: select p1_0.id,c1_0.id,c1_0.created_at,c1_0.is_deleted,c1_0.name,c1_0.updated_at,p1_0.created_at,p1_0.description,p1_0.image_url,p1_0.is_deleted,p1_0.name,p1_0.price,p1_0.updated_at from product p1_0 left join category c1_0 on c1_0.id=p1_0.category_id where p1_0.id=?
Hibernate: update product set category_id=?,created_at=?,description=?,image_url=?,is_deleted=?,name=?,price=?,updated_at=? where id=?
2024-05-11T20:32:40.689+05:30 DEBUG 25444 --- [ProductService] [           main] o.s.web.client.RestTemplate              : HTTP GET https://fakestoreapi.com/products/20
2024-05-11T20:32:40.690+05:30 DEBUG 25444 --- [ProductService] [           main] o.s.web.client.RestTemplate              : Accept=[application/json, application/*+json]
2024-05-11T20:32:40.970+05:30 DEBUG 25444 --- [ProductService] [           main] o.s.web.client.RestTemplate              : Response 200 OK
2024-05-11T20:32:40.971+05:30 DEBUG 25444 --- [ProductService] [           main] o.s.web.client.RestTemplate              : Reading to [com.adena.productservice.dto.ResponseDTO]
Hibernate: select c1_0.id,c1_0.created_at,c1_0.is_deleted,c1_0.name,c1_0.updated_at from category c1_0 where c1_0.name=?
Hibernate: select p1_0.id,c1_0.id,c1_0.created_at,c1_0.is_deleted,c1_0.name,c1_0.updated_at,p1_0.created_at,p1_0.description,p1_0.image_url,p1_0.is_deleted,p1_0.name,p1_0.price,p1_0.updated_at from product p1_0 left join category c1_0 on c1_0.id=p1_0.category_id where p1_0.id=?
Hibernate: update product set category_id=?,created_at=?,description=?,image_url=?,is_deleted=?,name=?,price=?,updated_at=? where id=?
]]></system-out>
    <system-err><![CDATA[WARNING: A Java agent has been loaded dynamically (C:\Users\adena\.m2\repository\net\bytebuddy\byte-buddy-agent\1.14.13\byte-buddy-agent-1.14.13.jar)
WARNING: If a serviceability tool is in use, please run with -XX:+EnableDynamicAgentLoading to hide this warning
WARNING: If a serviceability tool is not in use, please run with -Djdk.instrument.traceUsage for more information
WARNING: Dynamic loading of agents will be disallowed by default in a future release
]]></system-err>
  </testcase>
  <testcase name="contextLoads" classname="com.adena.productservice.ProductServiceApplicationTests" time="0.028"/>
</testsuite>